3.555 which
3.479 there
3.318 their
3.455 about
3.428 would
3.555 these
3.344 other
3.387 words
3.364 could
3.32 write
3.351 first
3.278 water
3.286 after
3.535 where
3.318 right
3.414 think
3.49 three
3.366 years
3.144 place
3.357 sound
3.252 great
3.532 again
3.373 still
3.692 every
3.448 small
3.463 found
3.385 those
3.627 never
3.355 under
3.367 might
3.319 while
3.44 house
3.313 world
3.295 below
3.451 asked
3.57 going
3.262 large
3.311 until
3.303 along
3.38 shall
3.338 being
3.377 often
3.239 earth
3.31 began
3.297 since
3.504 study
3.352 night
3.268 light
3.519 above
3.407 paper
3.158 parts
3.573 young
3.409 story
3.275 point
3.313 times
3.291 heard
3.303 whole
3.421 white
3.469 given
3.262 means
3.421 music
3.217 miles
3.372 thing
3.457 today
3.194 later
3.476 using
3.362 money
3.193 lines
3.54 order
3.384 group
3.407 among
3.22 learn
3.62 known
3.226 space
3.234 table
3.405 early
3.411 trees
3.191 short
3.288 hands
3.484 state
3.284 black
3.343 shown
3.615 stood
3.332 front
3.439 voice
3.468 kinds
3.354 makes
3.305 comes
3.267 close
3.27 power
3.379 lived
3.345 vowel
3.307 taken
3.257 built
3.211 heart
3.447 ready
3.617 quite
3.413 class
3.353 bring
3.419 round
3.313 horse
3.587 shows
3.429 piece
3.5 green
3.275 stand
3.271 birds
3.481 start
3.659 river
3.235 tried
3.184 least
3.297 field
3.468 whose
3.231 girls
3.59 leave
3.811 added
3.456 color
3.236 third
3.383 hours
3.472 moved
3.145 plant
3.411 doing
3.254 names
3.403 forms
3.565 heavy
3.438 ideas
3.284 cried
3.588 check
3.52 floor
3.345 begin
3.329 woman
3.263 alone
3.155 plane
3.339 spell
3.309 watch
3.607 carry
3.297 wrote
3.233 clear
3.308 named
3.686 books
3.267 child
3.476 glass
3.367 human
3.338 takes
3.348 party
3.336 build
3.719 seems
3.45 blood
3.451 sides
3.63 seven
3.325 mouth
3.331 solve
3.211 north
3.435 value
3.329 death
3.427 maybe
3.556 happy
3.397 tells
3.516 gives
3.543 looks
3.235 shape
3.379 lives
3.467 steps
3.46 areas
3.672 sense
3.319 speak
3.298 force
3.349 ocean
3.49 speed
3.273 women
3.243 metal
3.31 south
3.541 grass
3.149 scale
3.432 cells
3.257 lower
3.296 sleep
3.376 wrong
3.255 pages
3.431 ships
3.486 needs
3.38 rocks
3.404 eight
3.503 major
3.78 level
3.51 total
3.566 ahead
3.287 reach
3.383 stars
3.269 store
3.348 sight
3.241 terms
3.486 catch
3.365 works
3.335 board
3.392 cover
3.538 songs
3.587 equal
3.295 stone
3.43 waves
3.584 guess
3.224 dance
3.332 spoke
3.343 break
3.373 cause
3.358 radio
3.558 weeks
3.232 lands
3.415 basic
3.326 liked
3.285 trade
3.309 fresh
3.288 final
3.43 fight
3.257 meant
3.42 drive
3.219 spent
3.466 local
3.51 waxes
3.463 knows
3.245 train
3.335 bread
3.321 homes
3.652 teeth
3.277 coast
3.4 thick
3.326 brown
3.262 clean
3.581 quiet
3.424 sugar
3.305 facts
3.389 steel
3.211 forth
3.204 rules
3.277 notes
3.347 units
3.4 peace
3.266 month
3.405 verbs
3.684 seeds
3.202 helps
3.228 sharp
3.671 visit
3.682 woods
3.367 chief
3.468 walls
3.467 cross
3.42 wings
3.365 grown
3.44 cases
3.677 foods
3.209 crops
3.334 fruit
3.34 stick
3.213 wants
3.336 stage
3.449 sheep
3.607 nouns
3.187 plain
3.346 drink
3.237 bones
3.426 apart
3.271 turns
3.425 moves
3.366 touch
3.22 angle
3.309 based
3.275 range
3.381 marks
3.237 tired
3.28 older
3.34 farms
3.269 spend
3.501 shoes
3.67 goods
3.342 chair
3.393 twice
3.268 cents
3.466 empty
3.314 alike
3.333 style
3.382 broke
3.196 pairs
3.305 count
3.617 enjoy
3.302 score
3.298 shore
3.499 roots
3.175 paint
3.303 heads
3.507 shook
3.551 serve
3.387 angry
3.377 crowd
3.464 wheel
3.658 quick
3.495 dress
3.248 share
3.371 alive
3.337 noise
3.281 solid
3.178 cloth
3.487 signs
3.407 hills
3.448 types
3.303 drawn
3.242 worth
3.416 truck
3.286 piano
3.567 upper
3.406 loved
3.63 usual
3.347 faces
3.504 drove
3.277 cabin
3.282 boats
3.221 towns
3.375 proud
3.363 court
3.251 model
3.272 prime
3.684 fifty
3.143 plans
3.445 yards
3.428 prove
3.432 tools
3.21 price
3.475 sheet
3.381 smell
3.468 boxes
3.306 raise
3.255 match
3.423 truth
3.366 roads
3.314 threw
3.594 enemy
3.301 lunch
3.233 chart
3.5 scene
3.31 graph
3.417 doubt
3.432 guide
3.426 winds
3.324 block
3.315 grain
3.41 smoke
3.521 mixed
3.337 games
3.36 wagon
3.453 sweet
3.335 topic
3.445 extra
3.17 plate
3.44 title
3.367 knife
3.481 fence
3.506 falls
3.321 cloud
3.376 wheat
3.306 plays
3.41 enter
3.305 broad
3.301 steam
3.313 atoms
3.393 press
3.383 lying
3.55 basis
3.487 clock
3.485 taste
3.368 grows
3.317 thank
3.287 storm
3.519 agree
3.268 brain
3.31 track
3.214 smile
3.732 funny
3.321 beach
3.399 stock
3.522 hurry
3.408 saved
3.668 sorry
3.28 giant
3.236 trail
3.618 offer
3.444 ought
3.319 rough
3.341 daily
3.545 avoid
3.552 keeps
3.255 throw
3.515 allow
3.277 cream
3.255 laugh
3.589 edges
3.297 teach
3.309 frame
3.436 bells
3.284 dream
3.372 magic
3.623 occur
3.738 ended
3.355 chord
3.247 false
3.467 skill
3.224 holes
3.488 dozen
3.396 brave
3.458 apple
3.281 climb
3.392 outer
3.272 pitch
3.487 ruler
3.289 holds
3.545 fixed
3.56 costs
3.434 calls
3.288 blank
3.56 staff
3.298 labor
3.449 eaten
3.408 youth
3.24 tones
3.456 honor
3.282 globe
3.497 gases
3.503 doors
3.133 poles
3.472 loose
3.51 apply
3.16 tears
3.473 exact
3.311 brush
3.361 chest
3.358 layer
3.346 whale
3.328 minor
3.294 faith
3.762 tests
3.651 judge
3.297 items
3.708 worry
3.303 waste
3.303 hoped
3.234 strip
3.411 begun
3.447 aside
3.285 lakes
3.441 bound
3.339 depth
3.438 candy
3.62 event
3.37 worse
3.549 aware
3.405 shell
3.557 rooms
3.281 ranch
3.385 image
3.276 snake
3.382 aloud
3.492 dried
3.295 likes
3.579 motor
3.371 pound
3.59 knees
3.751 refer
3.654 fully
3.333 chain
3.292 shirt
3.398 flour
3.246 drops
3.268 spite
3.29 orbit
3.345 banks
3.392 shoot
3.417 curve
3.269 tribe
3.617 tight
3.232 blind
3.128 slept
3.299 shade
3.229 claim
3.243 flies
3.511 theme
3.75 queen
3.58 fifth
3.633 union
3.441 hence
3.346 straw
3.314 entry
3.667 issue
3.253 birth
3.41 feels
3.258 anger
3.36 brief
3.436 rhyme
3.392 glory
3.41 guard
3.34 flows
3.301 flesh
3.311 owned
3.311 trick
3.496 yours
3.684 sizes
3.294 noted
3.363 width
3.365 burst
3.362 route
3.273 lungs
3.306 uncle
3.246 bears
3.43 royal
3.427 kings
3.523 forty
3.244 trial
3.275 cards
3.479 brass
3.372 opera
3.413 chose
3.29 owner
3.441 vapor
3.282 beats
3.445 mouse
3.399 tough
3.294 wires
3.472 meter
3.346 tower
3.421 finds
3.498 inner
3.439 stuck
3.524 arrow
3.295 poems
3.465 label
3.369 swing
3.288 solar
3.39 truly
3.494 tense
3.241 beans
3.149 split
3.412 rises
3.458 weigh
3.264 hotel
3.474 stems
3.271 pride
3.473 swung
3.34 grade
3.572 digit
3.372 badly
3.596 boots
3.18 pilot
3.327 sales
3.281 swept
3.519 lucky
3.427 prize
3.453 stove
3.361 tubes
3.241 acres
3.47 wound
3.469 steep
3.184 slide
3.418 trunk
3.81 error
3.294 porch
3.277 slave
3.598 exist
3.383 faced
3.305 mines
3.582 marry
3.536 juice
3.303 raced
3.5 waved
3.601 goose
3.546 trust
3.56 fewer
3.452 favor
3.433 mills
3.495 views
3.552 joint
3.495 eager
3.448 spots
3.228 blend
3.304 rings
3.287 adult
3.505 index
3.186 nails
3.266 horns
3.466 balls
3.26 flame
3.22 rates
3.441 drill
3.221 trace
3.523 skins
3.58 waxed
3.426 seats
3.669 stuff
3.365 ratio
3.404 minds
3.313 dirty
3.554 silly
3.328 coins
3.461 hello
3.18 trips
3.249 leads
3.303 rifle
3.321 hopes
3.47 bases
3.245 shine
3.301 bench
3.35 moral
3.272 fires
3.195 meals
3.328 shake
3.484 shops
3.6 cycle
3.54 movie
3.136 slope
3.261 canoe
3.271 teams
3.389 folks
3.343 fired
3.311 bands
3.336 thumb
3.266 shout
3.399 canal
3.298 habit
3.321 reply
3.296 ruled
3.684 fever
3.296 crust
3.254 shelf
3.336 walks
3.381 midst
3.588 crack
3.209 print
3.171 tales
3.575 coach
3.57 stiff
3.502 flood
3.609 verse
3.579 awake
3.516 rocky
3.28 march
3.304 fault
3.387 swift
3.223 faint
3.608 civil
3.335 ghost
3.33 feast
3.239 blade
3.355 limit
3.334 germs
3.296 reads
3.494 ducks
3.411 dairy
3.319 worst
3.372 gifts
3.422 lists
3.46 stops
3.265 rapid
3.345 brick
3.28 claws
3.332 beads
3.288 beast
3.304 skirt
3.332 cakes
3.251 lions
3.4 frogs
3.203 tries
3.628 nerve
3.296 grand
3.264 armed
3.446 treat
3.375 honey
3.341 moist
3.492 legal
3.578 penny
3.29 crown
3.359 shock
3.461 taxes
3.626 sixty
3.426 altar
3.385 pulls
3.193 sport
3.373 drums
3.242 talks
3.416 dying
3.3 dates
3.339 drank
3.315 blows
3.603 lever
3.382 wages
3.564 proof
3.374 drugs
3.27 tanks
3.488 sings
3.189 tails
3.332 pause
3.297 herds
3.361 arose
3.365 hated
3.202 clues
3.355 novel
3.295 shame
3.37 burnt
3.217 races
3.28 flash
3.433 weary
3.414 heels
3.381 token
3.289 coats
3.154 spare
3.345 shiny
3.42 alarm
3.289 dimes
3.503 sixth
3.332 clerk
3.409 mercy
3.66 sunny
3.372 guest
3.273 float
3.281 shone
3.477 pipes
3.394 worms
3.461 bills
3.319 sweat
3.542 suits
3.231 smart
3.337 upset
3.244 rains
3.368 sandy
3.347 rainy
3.261 parks
3.291 sadly
3.435 fancy
3.506 rider
3.486 unity
3.356 bunch
3.411 rolls
3.335 crash
3.261 craft
3.4 newly
3.321 gates
3.468 hatch
3.236 paths
3.402 funds
3.356 wider
3.264 grace
3.43 grave
3.285 tides
3.338 admit
3.336 shift
3.366 sails
3.501 pupil
3.284 tiger
3.215 angel
3.278 cruel
3.303 agent
3.512 drama
3.396 urged
3.21 patch
3.469 nests
3.359 vital
3.354 sword
3.232 blame
3.548 weeds
3.311 screw
3.38 vocal
3.321 bacon
3.285 chalk
3.334 cargo
3.611 crazy
3.333 acted
3.345 goats
3.331 arise
3.415 witch
3.315 loves
3.774 queer
3.462 dwell
3.414 backs
3.261 ropes
3.415 shots
3.649 merry
3.216 phone
3.541 cheek
3.305 peaks
3.373 ideal
3.317 beard
3.445 eagle
3.488 creek
3.224 cries
3.576 ashes
3.392 stall
3.39 yield
3.375 mayor
3.287 opens
3.304 input
3.445 fleet
3.629 tooth
3.603 cubic
3.502 wives
3.307 burns
3.249 poets
3.309 apron
3.203 spear
3.356 organ
3.495 cliff
3.281 stamp
3.19 paste
3.59 rural
3.414 baked
3.352 chase
3.207 slice
3.135 slant
3.619 knock
3.465 noisy
3.458 sorts
3.549 stays
3.372 wiped
3.267 blown
3.192 piled
3.268 clubs
3.496 cheer
3.64 widow
3.601 twist
3.421 tenth
3.307 hides
3.547 comma
3.425 sweep
3.449 spoon
3.211 stern
3.135 crept
3.218 maple
3.709 deeds
3.259 rides
3.706 muddy
3.327 crime
3.802 jelly
3.354 ridge
3.239 drift
3.498 dusty
3.376 devil
3.331 tempo
3.303 humor
3.473 sends
3.223 steal
3.493 tents
3.328 waist
3.48 roses
3.311 reign
3.27 noble
3.293 cheap
3.535 dense
3.442 linen
3.773 geese
3.389 woven
3.493 posts
3.303 hired
3.312 wrath
3.422 salad
3.399 bowed
3.209 tires
3.271 shark
3.223 belts
3.332 grasp
3.202 blast
3.268 polar
3.469 fungi
3.292 tends
3.183 pearl
3.315 loads
3.594 jokes
3.439 veins
3.319 frost
3.242 hears
3.381 loses
3.434 hosts
3.428 diver
3.289 phase
3.315 toads
3.189 alert
3.527 tasks
3.489 seams
3.29 coral
3.509 focus
3.386 naked
3.911 puppy
3.584 jumps
3.17 spoil
3.557 quart
3.327 macro
3.275 fears
3.4 flung
3.285 spark
3.896 vivid
3.658 brook
3.416 steer
3.371 spray
3.404 decay
3.225 ports
3.642 socks
3.324 urban
3.297 goals
3.27 grant
3.424 minus
3.31 films
3.255 tunes
3.281 shaft
3.369 firms
3.531 skies
3.3 bride
3.381 wreck
3.342 flock
3.164 stare
3.653 hobby
3.396 bonds
3.53 dared
3.62 faded
3.379 thief
3.305 crude
3.158 pants
3.328 flute
3.478 votes
3.248 tonal
3.725 radar
3.424 wells
3.545 skull
3.338 hairs
3.398 argue
3.27 wears
3.48 dolls
3.495 voted
3.385 caves
3.273 cared
3.601 broom
3.24 scent
3.152 panel
3.38 fairy
3.423 olive
3.309 bends
3.296 prism
3.248 lamps
3.233 cable
3.282 peach
3.282 ruins
3.568 rally
3.49 schwa
3.296 lambs
3.563 sells
3.465 cools
3.305 draft
3.321 charm
3.269 limbs
3.327 brake
3.542 gazed
3.353 cubes
3.36 delay
3.333 beams
3.415 fetch
3.298 ranks
3.774 array
3.519 harsh
3.214 camel
3.445 vines
3.373 picks
3.586 naval
3.259 purse
3.574 rigid
3.322 crawl
3.539 toast
3.399 soils
3.302 sauce
3.314 basin
3.33 ponds
3.303 twins
3.344 wrist
3.37 fluid
3.416 pools
3.27 brand
3.225 stalk
3.592 robot
3.483 reeds
3.625 hoofs
3.553 buses
3.418 sheer
3.383 grief
3.434 bloom
3.302 dwelt
3.22 melts
3.236 risen
3.339 flags
3.29 knelt
3.387 fiber
3.57 roofs
3.541 freed
3.526 armor
3.153 piles
3.361 aimed
3.427 algae
3.371 twigs
3.29 lemon
3.3 ditch
